Build started 2012-12-23 17:25:18.
     1>Project "D:\Anshar\pgraf\Zadania\Proj2\Proj\Proj.vcxproj" on node 2 (build target(s)).
     1>InitializeBuildStatus:
         Creating "Debug\Proj.unsuccessfulbuild" because "AlwaysCreate" was specified.
       ClCompile:
         C:\Program Files (x86)\Microsoft Visual Studio 10.0\VC\bin\CL.exe /c /I..\add\GLTools\include /I..\add\ /ZI /nologo /W3 /WX- /Od /Oy- /D WIN32 /D _DEBUG /D _CONSOLE /D _UNICODE /D UNICODE /Gm /EHsc /RTC1 /MDd /GS /fp:precise /Zc:wchar_t /Zc:forScope /Fo"Debug\\" /Fd"Debug\vc100.pdb" /Gd /TP /analyze- /errorReport:prompt Proj.cpp
         Proj.cpp
     1>d:\anshar\pgraf\zadania\proj2\proj\proj.cpp(88): warning C4305: 'argument' : truncation from 'double' to 'GLfloat'
     1>d:\anshar\pgraf\zadania\proj2\proj\proj.cpp(88): warning C4305: 'argument' : truncation from 'double' to 'GLfloat'
     1>d:\anshar\pgraf\zadania\proj2\proj\proj.cpp(88): warning C4305: 'argument' : truncation from 'double' to 'GLfloat'
     1>d:\anshar\pgraf\zadania\proj2\proj\proj.cpp(137): warning C4305: '+=' : truncation from 'double' to 'float'
       ManifestResourceCompile:
         All outputs are up-to-date.
       Link:
         C:\Program Files (x86)\Microsoft Visual Studio 10.0\VC\bin\link.exe /ERRORREPORT:PROMPT /OUT:"D:\Anshar\pgraf\Zadania\Proj2\Debug\Proj.exe" /INCREMENTAL /NOLOGO /LIBPATH:..\add gltools.lib kernel32.lib user32.lib gdi32.lib winspool.lib comdlg32.lib advapi32.lib shell32.lib ole32.lib oleaut32.lib uuid.lib odbc32.lib odbccp32.lib /MANIFEST /ManifestFile:"Debug\Proj.exe.intermediate.manifest" /MANIFESTUAC:"level='asInvoker' uiAccess='false'" /DEBUG /PDB:"D:\Anshar\pgraf\Zadania\Proj2\Debug\Proj.pdb" /SUBSYSTEM:CONSOLE /TLBID:1 /DYNAMICBASE /NXCOMPAT /IMPLIB:"D:\Anshar\pgraf\Zadania\Proj2\Debug\Proj.lib" /MACHINE:X86 Debug\Proj.exe.embed.manifest.res
         Debug\Proj.obj
       Manifest:
         C:\Program Files (x86)\Microsoft SDKs\Windows\v7.0A\bin\mt.exe /nologo /verbose /out:"Debug\Proj.exe.embed.manifest" /manifest Debug\Proj.exe.intermediate.manifest
         All outputs are up-to-date.
       LinkEmbedManifest:
         All outputs are up-to-date.
         Proj.vcxproj -> D:\Anshar\pgraf\Zadania\Proj2\Debug\Proj.exe
       FinalizeBuildStatus:
         Deleting file "Debug\Proj.unsuccessfulbuild".
         Touching "Debug\Proj.lastbuildstate".
     1>Done Building Project "D:\Anshar\pgraf\Zadania\Proj2\Proj\Proj.vcxproj" (build target(s)).

Build succeeded.

Time Elapsed 00:00:00.85
