Build started 2012-12-01 03:31:00.
     1>Project "D:\Anshar\C_PLUS_PLUS\trunk\openGl_zadania\zadanie2\zadanie2.vcxproj" on node 2 (build target(s)).
     1>InitializeBuildStatus:
         Creating "Debug\zadanie2.unsuccessfulbuild" because "AlwaysCreate" was specified.
       ClCompile:
         C:\Program Files (x86)\Microsoft Visual Studio 10.0\VC\bin\CL.exe /c /I..\add\GLTools\include /I..\add\ /ZI /nologo /W3 /WX- /Od /Oy- /D WIN32 /D _DEBUG /D _CONSOLE /D _UNICODE /D UNICODE /Gm /EHsc /RTC1 /MDd /GS /fp:precise /Zc:wchar_t /Zc:forScope /Fo"Debug\\" /Fd"Debug\vc100.pdb" /Gd /TP /analyze- /errorReport:prompt main.cpp
         main.cpp
     1>d:\anshar\c_plus_plus\trunk\opengl_zadania\zadanie2\main.cpp(98): warning C4305: '+=' : truncation from 'double' to 'float'
       ManifestResourceCompile:
         All outputs are up-to-date.
       Link:
         C:\Program Files (x86)\Microsoft Visual Studio 10.0\VC\bin\link.exe /ERRORREPORT:PROMPT /OUT:"D:\Anshar\C_PLUS_PLUS\trunk\openGl_zadania\Debug\zadanie2.exe" /INCREMENTAL /NOLOGO /LIBPATH:..\add gltools.lib kernel32.lib user32.lib gdi32.lib winspool.lib comdlg32.lib advapi32.lib shell32.lib ole32.lib oleaut32.lib uuid.lib odbc32.lib odbccp32.lib /MANIFEST /ManifestFile:"Debug\zadanie2.exe.intermediate.manifest" /MANIFESTUAC:"level='asInvoker' uiAccess='false'" /DEBUG /PDB:"D:\Anshar\C_PLUS_PLUS\trunk\openGl_zadania\Debug\zadanie2.pdb" /SUBSYSTEM:CONSOLE /TLBID:1 /DYNAMICBASE /NXCOMPAT /IMPLIB:"D:\Anshar\C_PLUS_PLUS\trunk\openGl_zadania\Debug\zadanie2.lib" /MACHINE:X86 Debug\zadanie2.exe.embed.manifest.res
         Debug\draw.obj
         Debug\main.obj
       Manifest:
         C:\Program Files (x86)\Microsoft SDKs\Windows\v7.0A\bin\mt.exe /nologo /verbose /out:"Debug\zadanie2.exe.embed.manifest" /manifest Debug\zadanie2.exe.intermediate.manifest
         All outputs are up-to-date.
       LinkEmbedManifest:
         All outputs are up-to-date.
         zadanie2.vcxproj -> D:\Anshar\C_PLUS_PLUS\trunk\openGl_zadania\Debug\zadanie2.exe
       FinalizeBuildStatus:
         Deleting file "Debug\zadanie2.unsuccessfulbuild".
         Touching "Debug\zadanie2.lastbuildstate".
     1>Done Building Project "D:\Anshar\C_PLUS_PLUS\trunk\openGl_zadania\zadanie2\zadanie2.vcxproj" (build target(s)).

Build succeeded.

Time Elapsed 00:00:00.83
